Determining if the pthread_create exist failed with the following output:
Change Dir: /home/robond/perception/build/CMakeFiles/CMakeTmp

Run Build Command:"/usr/bin/make" "cmTC_b165d/fast"
/usr/bin/make -f CMakeFiles/cmTC_b165d.dir/build.make CMakeFiles/cmTC_b165d.dir/build
make[1]: Entering directory '/home/robond/perception/build/CMakeFiles/CMakeTmp'
Building C object CMakeFiles/cmTC_b165d.dir/CheckSymbolExists.c.o
/usr/bin/cc     -o CMakeFiles/cmTC_b165d.dir/CheckSymbolExists.c.o   -c /home/robond/perception/build/CMakeFiles/CMakeTmp/CheckSymbolExists.c
Linking C executable cmTC_b165d
/usr/bin/cmake -E cmake_link_script CMakeFiles/cmTC_b165d.dir/link.txt --verbose=1
/usr/bin/cc       CMakeFiles/cmTC_b165d.dir/CheckSymbolExists.c.o  -o cmTC_b165d -rdynamic 
CMakeFiles/cmTC_b165d.dir/CheckSymbolExists.c.o: In function `main':
CheckSymbolExists.c:(.text+0x16): undefined reference to `pthread_create'
collect2: error: ld returned 1 exit status
CMakeFiles/cmTC_b165d.dir/build.make:97: recipe for target 'cmTC_b165d' failed
make[1]: *** [cmTC_b165d] Error 1
make[1]: Leaving directory '/home/robond/perception/build/CMakeFiles/CMakeTmp'
Makefile:126: recipe for target 'cmTC_b165d/fast' failed
make: *** [cmTC_b165d/fast] Error 2

File /home/robond/perception/build/CMakeFiles/CMakeTmp/CheckSymbolExists.c:
/* */
#include <pthread.h>

int main(int argc, char** argv)
{
  (void)argv;
#ifndef pthread_create
  return ((int*)(&pthread_create))[argc];
#else
  (void)argc;
  return 0;
#endif
}

Determining if the function pthread_create exists in the pthreads failed with the following output:
Change Dir: /home/robond/perception/build/CMakeFiles/CMakeTmp

Run Build Command:"/usr/bin/make" "cmTC_6b052/fast"
/usr/bin/make -f CMakeFiles/cmTC_6b052.dir/build.make CMakeFiles/cmTC_6b052.dir/build
make[1]: Entering directory '/home/robond/perception/build/CMakeFiles/CMakeTmp'
Building C object CMakeFiles/cmTC_6b052.dir/CheckFunctionExists.c.o
/usr/bin/cc    -DCHECK_FUNCTION_EXISTS=pthread_create   -o CMakeFiles/cmTC_6b052.dir/CheckFunctionExists.c.o   -c /usr/share/cmake-3.5/Modules/CheckFunctionExists.c
Linking C executable cmTC_6b052
/usr/bin/cmake -E cmake_link_script CMakeFiles/cmTC_6b052.dir/link.txt --verbose=1
/usr/bin/cc   -DCHECK_FUNCTION_EXISTS=pthread_create    CMakeFiles/cmTC_6b052.dir/CheckFunctionExists.c.o  -o cmTC_6b052 -rdynamic -lpthreads 
/usr/bin/ld: cannot find -lpthreads
collect2: error: ld returned 1 exit status
CMakeFiles/cmTC_6b052.dir/build.make:97: recipe for target 'cmTC_6b052' failed
make[1]: *** [cmTC_6b052] Error 1
make[1]: Leaving directory '/home/robond/perception/build/CMakeFiles/CMakeTmp'
Makefile:126: recipe for target 'cmTC_6b052/fast' failed
make: *** [cmTC_6b052/fast] Error 2


